2022-03-07 15:33:36.851 [main] INFO  com.example.mail.MailApplication - Starting MailApplication using Java 1.8.0_321 on LAPTOP-K1MUOJNP with PID 55872 (D:\mail\build\classes\java\main started by 12074 in D:\mail)
2022-03-07 15:33:36.853 [main] INFO  com.example.mail.MailApplication - No active profile set, falling back to 1 default profile: "default"
2022-03-07 15:33:37.393 [main] INFO  o.s.boot.web.embedded.tomcat.TomcatWebServer - Tomcat initialized with port(s): 8081 (http)
2022-03-07 15:33:37.399 [main] INFO  org.apache.coyote.http11.Http11NioProtocol - Initializing ProtocolHandler ["http-nio-8081"]
2022-03-07 15:33:37.404 [main] INFO  org.apache.catalina.core.StandardService - Starting service [Tomcat]
2022-03-07 15:33:37.404 [main] INFO  org.apache.catalina.core.StandardEngine - Starting Servlet engine: [Apache Tomcat/9.0.58]
2022-03-07 15:33:37.459 [main] INFO  o.a.c.core.ContainerBase.[Tomcat].[localhost].[/] - Initializing Spring embedded WebApplicationContext
2022-03-07 15:33:37.459 [main] INFO  o.s.b.w.s.c.ServletWebServerApplicationContext - Root WebApplicationContext: initialization completed in 581 ms
2022-03-07 15:33:37.708 [main] INFO  org.quartz.impl.StdSchedulerFactory - Using default implementation for ThreadExecutor
2022-03-07 15:33:37.713 [main] INFO  org.quartz.core.SchedulerSignalerImpl - Initialized Scheduler Signaller of type: class org.quartz.core.SchedulerSignalerImpl
2022-03-07 15:33:37.713 [main] INFO  org.quartz.core.QuartzScheduler - Quartz Scheduler v.2.3.2 created.
2022-03-07 15:33:37.713 [main] INFO  org.quartz.simpl.RAMJobStore - RAMJobStore initialized.
2022-03-07 15:33:37.714 [main] INFO  org.quartz.core.QuartzScheduler - Scheduler meta-data: Quartz Scheduler (v2.3.2) 'quartzScheduler' with instanceId 'NON_CLUSTERED'
  Scheduler class: 'org.quartz.core.QuartzScheduler' - running locally.
  NOT STARTED.
  Currently in standby mode.
  Number of jobs executed: 0
  Using thread pool 'org.quartz.simpl.SimpleThreadPool' - with 10 threads.
  Using job-store 'org.quartz.simpl.RAMJobStore' - which does not support persistence. and is not clustered.

2022-03-07 15:33:37.714 [main] INFO  org.quartz.impl.StdSchedulerFactory - Quartz scheduler 'quartzScheduler' initialized from an externally provided properties instance.
2022-03-07 15:33:37.714 [main] INFO  org.quartz.impl.StdSchedulerFactory - Quartz scheduler version: 2.3.2
2022-03-07 15:33:37.714 [main] INFO  org.quartz.core.QuartzScheduler - JobFactory set to: org.springframework.scheduling.quartz.SpringBeanJobFactory@29c2c826
2022-03-07 15:33:37.730 [main] INFO  org.apache.coyote.http11.Http11NioProtocol - Starting ProtocolHandler ["http-nio-8081"]
2022-03-07 15:33:37.740 [main] INFO  o.s.boot.web.embedded.tomcat.TomcatWebServer - Tomcat started on port(s): 8081 (http) with context path ''
2022-03-07 15:33:37.741 [main] INFO  o.s.scheduling.quartz.SchedulerFactoryBean - Starting Quartz Scheduler now
2022-03-07 15:33:37.741 [main] INFO  org.quartz.core.QuartzScheduler - Scheduler quartzScheduler_$_NON_CLUSTERED started.
2022-03-07 15:33:37.748 [main] INFO  com.example.mail.MailApplication - Started MailApplication in 1.102 seconds (JVM running for 1.826)
